2024-08-01T23:39:48.855-03:00  INFO 5620 --- [ProyectoGrupo] [main] c.e.proyecto.ProyectoGrupoApplication    : Starting ProyectoGrupoApplication using Java 17.0.11 with PID 5620 (C:\cursoJava\clase12\Proyecto-CodingDojo\ProyectoGrupo\target\classes started by carre in C:\cursoJava\clase12\Proyecto-CodingDojo\ProyectoGrupo)
2024-08-01T23:39:48.858-03:00 DEBUG 5620 --- [ProyectoGrupo] [main] c.e.proyecto.ProyectoGrupoApplication    : Running with Spring Boot v3.3.2, Spring v6.1.11
2024-08-01T23:39:48.860-03:00  INFO 5620 --- [ProyectoGrupo] [main] c.e.proyecto.ProyectoGrupoApplication    : No active profile set, falling back to 1 default profile: "default"
2024-08-01T23:39:58.849-03:00  INFO 5620 --- [ProyectoGrupo] [main] .s.d.r.c.RepositoryConfigurationDelegate : Bootstrapping Spring Data JPA repositories in DEFAULT mode.
2024-08-01T23:39:59.179-03:00  INFO 5620 --- [ProyectoGrupo] [main] .s.d.r.c.RepositoryConfigurationDelegate : Finished Spring Data repository scanning in 83 ms. Found 4 JPA repository interfaces.
2024-08-01T23:40:16.290-03:00  INFO 5620 --- [ProyectoGrupo] [main] o.s.b.w.embedded.tomcat.TomcatWebServer  : Tomcat initialized with port 8080 (http)
2024-08-01T23:40:16.318-03:00  INFO 5620 --- [ProyectoGrupo] [main] o.apache.catalina.core.StandardService   : Starting service [Tomcat]
2024-08-01T23:40:16.318-03:00  INFO 5620 --- [ProyectoGrupo] [main] o.apache.catalina.core.StandardEngine    : Starting Servlet engine: [Apache Tomcat/10.1.26]
2024-08-01T23:40:16.913-03:00  INFO 5620 --- [ProyectoGrupo] [main] org.apache.jasper.servlet.TldScanner     : At least one JAR was scanned for TLDs yet contained no TLDs. Enable debug logging for this logger for a complete list of JARs that were scanned but no TLDs were found in them. Skipping unneeded JARs during scanning can improve startup time and JSP compilation time.
2024-08-01T23:40:16.933-03:00  INFO 5620 --- [ProyectoGrupo] [main] o.a.c.c.C.[Tomcat].[localhost].[/]       : Initializing Spring embedded WebApplicationContext
2024-08-01T23:40:16.934-03:00  INFO 5620 --- [ProyectoGrupo] [main] w.s.c.ServletWebServerApplicationContext : Root WebApplicationContext: initialization completed in 28000 ms
2024-08-01T23:40:17.394-03:00  INFO 5620 --- [ProyectoGrupo] [main] o.hibernate.jpa.internal.util.LogHelper  : HHH000204: Processing PersistenceUnitInfo [name: default]
2024-08-01T23:40:17.497-03:00  INFO 5620 --- [ProyectoGrupo] [main] org.hibernate.Version                    : HHH000412: Hibernate ORM core version 6.5.2.Final
2024-08-01T23:40:17.558-03:00  INFO 5620 --- [ProyectoGrupo] [main] o.h.c.internal.RegionFactoryInitiator    : HHH000026: Second-level cache disabled
2024-08-01T23:40:18.033-03:00  INFO 5620 --- [ProyectoGrupo] [main] o.s.o.j.p.SpringPersistenceUnitInfo      : No LoadTimeWeaver setup: ignoring JPA class transformer
2024-08-01T23:40:18.075-03:00  INFO 5620 --- [ProyectoGrupo] [main] com.zaxxer.hikari.HikariDataSource       : HikariPool-1 - Starting...
2024-08-01T23:40:18.499-03:00  INFO 5620 --- [ProyectoGrupo] [main] com.zaxxer.hikari.pool.HikariPool        : HikariPool-1 - Added connection com.mysql.cj.jdbc.ConnectionImpl@6c46dc02
2024-08-01T23:40:18.502-03:00  INFO 5620 --- [ProyectoGrupo] [main] com.zaxxer.hikari.HikariDataSource       : HikariPool-1 - Start completed.
2024-08-01T23:40:20.144-03:00  INFO 5620 --- [ProyectoGrupo] [main] o.h.e.t.j.p.i.JtaPlatformInitiator       : HHH000489: No JTA platform available (set 'hibernate.transaction.jta.platform' to enable JTA platform integration)
2024-08-01T23:40:20.280-03:00  INFO 5620 --- [ProyectoGrupo] [main] j.LocalContainerEntityManagerFactoryBean : Initialized JPA EntityManagerFactory for persistence unit 'default'
2024-08-01T23:40:20.875-03:00  WARN 5620 --- [ProyectoGrupo] [main] JpaBaseConfiguration$JpaWebConfiguration : spring.jpa.open-in-view is enabled by default. Therefore, database queries may be performed during view rendering. Explicitly configure spring.jpa.open-in-view to disable this warning
2024-08-01T23:40:21.732-03:00  INFO 5620 --- [ProyectoGrupo] [main] o.s.b.a.e.web.EndpointLinksResolver      : Exposing 1 endpoint beneath base path '/actuator'
2024-08-01T23:40:21.857-03:00  INFO 5620 --- [ProyectoGrupo] [main] o.s.b.w.embedded.tomcat.TomcatWebServer  : Tomcat started on port 8080 (http) with context path '/'
2024-08-01T23:40:21.879-03:00  INFO 5620 --- [ProyectoGrupo] [main] c.e.proyecto.ProyectoGrupoApplication    : Started ProyectoGrupoApplication in 33.782 seconds (process running for 35.126)
2024-08-01T23:40:22.719-03:00  INFO 5620 --- [ProyectoGrupo] [RMI TCP Connection(8)-127.0.0.1] o.a.c.c.C.[Tomcat].[localhost].[/]       : Initializing Spring DispatcherServlet 'dispatcherServlet'
2024-08-01T23:40:22.719-03:00  INFO 5620 --- [ProyectoGrupo] [RMI TCP Connection(8)-127.0.0.1] o.s.web.servlet.DispatcherServlet        : Initializing Servlet 'dispatcherServlet'
2024-08-01T23:40:22.721-03:00  INFO 5620 --- [ProyectoGrupo] [RMI TCP Connection(8)-127.0.0.1] o.s.web.servlet.DispatcherServlet        : Completed initialization in 2 ms
2024-08-01T23:41:15.362-03:00  INFO 5620 --- [ProyectoGrupo] [http-nio-8080-exec-6] c.e.proyecto.servicios.ServicioUsuario   : Registrando usuario con fecha de nacimiento: 2024-07-31
2024-08-01T23:41:15.362-03:00  INFO 5620 --- [ProyectoGrupo] [http-nio-8080-exec-6] c.e.proyecto.servicios.ServicioUsuario   : La edad del usuario es: 0
2024-08-01T23:41:15.362-03:00 ERROR 5620 --- [ProyectoGrupo] [http-nio-8080-exec-6] c.e.proyecto.servicios.ServicioUsuario   : El usuario no es mayor de edad
2024-08-01T23:41:15.367-03:00 ERROR 5620 --- [ProyectoGrupo] [http-nio-8080-exec-6] o.a.c.c.C.[.[.[/].[dispatcherServlet]    : Servlet.service() for servlet [dispatcherServlet] in context with path [] threw exception [Request processing failed: java.lang.IllegalArgumentException: El usuario debe ser mayor de edad para registrarse.] with root cause

java.lang.IllegalArgumentException: El usuario debe ser mayor de edad para registrarse.
	at com.equipo5.proyecto.servicios.ServicioUsuario.registrarUsuario(ServicioUsuario.java:112) ~[classes/:na]
	at com.equipo5.proyecto.controladores.ControladorUsuario.procesaRegistrarUsuario(ControladorUsuario.java:95) ~[classes/:na]
	at java.base/jdk.internal.reflect.NativeMethodAccessorImpl.invoke0(Native Method) ~[na:na]
	at java.base/jdk.internal.reflect.NativeMethodAccessorImpl.invoke(NativeMethodAccessorImpl.java:77) ~[na:na]
	at java.base/jdk.internal.reflect.DelegatingMethodAccessorImpl.invoke(DelegatingMethodAccessorImpl.java:43) ~[na:na]
	at java.base/java.lang.reflect.Method.invoke(Method.java:568) ~[na:na]
	at org.springframework.web.method.support.InvocableHandlerMethod.doInvoke(InvocableHandlerMethod.java:255) ~[spring-web-6.1.11.jar:6.1.11]
	at org.springframework.web.method.support.InvocableHandlerMethod.invokeForRequest(InvocableHandlerMethod.java:188) ~[spring-web-6.1.11.jar:6.1.11]
	at org.springframework.web.servlet.mvc.method.annotation.ServletInvocableHandlerMethod.invokeAndHandle(ServletInvocableHandlerMethod.java:118) ~[spring-webmvc-6.1.11.jar:6.1.11]
	at org.springframework.web.servlet.mvc.method.annotation.RequestMappingHandlerAdapter.invokeHandlerMethod(RequestMappingHandlerAdapter.java:926) ~[spring-webmvc-6.1.11.jar:6.1.11]
	at org.springframework.web.servlet.mvc.method.annotation.RequestMappingHandlerAdapter.handleInternal(RequestMappingHandlerAdapter.java:831) ~[spring-webmvc-6.1.11.jar:6.1.11]
	at org.springframework.web.servlet.mvc.method.AbstractHandlerMethodAdapter.handle(AbstractHandlerMethodAdapter.java:87) ~[spring-webmvc-6.1.11.jar:6.1.11]
	at org.springframework.web.servlet.DispatcherServlet.doDispatch(DispatcherServlet.java:1089) ~[spring-webmvc-6.1.11.jar:6.1.11]
	at org.springframework.web.servlet.DispatcherServlet.doService(DispatcherServlet.java:979) ~[spring-webmvc-6.1.11.jar:6.1.11]
	at org.springframework.web.servlet.FrameworkServlet.processRequest(FrameworkServlet.java:1014) ~[spring-webmvc-6.1.11.jar:6.1.11]
	at org.springframework.web.servlet.FrameworkServlet.doPost(FrameworkServlet.java:914) ~[spring-webmvc-6.1.11.jar:6.1.11]
	at jakarta.servlet.http.HttpServlet.service(HttpServlet.java:590) ~[tomcat-embed-core-10.1.26.jar:10.1.26]
	at org.springframework.web.servlet.FrameworkServlet.service(FrameworkServlet.java:885) ~[spring-webmvc-6.1.11.jar:6.1.11]
	at jakarta.servlet.http.HttpServlet.service(HttpServlet.java:658) ~[tomcat-embed-core-10.1.26.jar:10.1.26]
	at org.apache.catalina.core.ApplicationFilterChain.internalDoFilter(ApplicationFilterChain.java:195) ~[tomcat-embed-core-10.1.26.jar:10.1.26]
	at org.apache.catalina.core.ApplicationFilterChain.doFilter(ApplicationFilterChain.java:140) ~[tomcat-embed-core-10.1.26.jar:10.1.26]
	at org.apache.tomcat.websocket.server.WsFilter.doFilter(WsFilter.java:51) ~[tomcat-embed-websocket-10.1.26.jar:10.1.26]
	at org.apache.catalina.core.ApplicationFilterChain.internalDoFilter(ApplicationFilterChain.java:164) ~[tomcat-embed-core-10.1.26.jar:10.1.26]
	at org.apache.catalina.core.ApplicationFilterChain.doFilter(ApplicationFilterChain.java:140) ~[tomcat-embed-core-10.1.26.jar:10.1.26]
	at org.springframework.web.filter.RequestContextFilter.doFilterInternal(RequestContextFilter.java:100) ~[spring-web-6.1.11.jar:6.1.11]
	at org.springframework.web.filter.OncePerRequestFilter.doFilter(OncePerRequestFilter.java:116) ~[spring-web-6.1.11.jar:6.1.11]
	at org.apache.catalina.core.ApplicationFilterChain.internalDoFilter(ApplicationFilterChain.java:164) ~[tomcat-embed-core-10.1.26.jar:10.1.26]
	at org.apache.catalina.core.ApplicationFilterChain.doFilter(ApplicationFilterChain.java:140) ~[tomcat-embed-core-10.1.26.jar:10.1.26]
	at org.springframework.web.filter.FormContentFilter.doFilterInternal(FormContentFilter.java:93) ~[spring-web-6.1.11.jar:6.1.11]
	at org.springframework.web.filter.OncePerRequestFilter.doFilter(OncePerRequestFilter.java:116) ~[spring-web-6.1.11.jar:6.1.11]
	at org.apache.catalina.core.ApplicationFilterChain.internalDoFilter(ApplicationFilterChain.java:164) ~[tomcat-embed-core-10.1.26.jar:10.1.26]
	at org.apache.catalina.core.ApplicationFilterChain.doFilter(ApplicationFilterChain.java:140) ~[tomcat-embed-core-10.1.26.jar:10.1.26]
	at org.springframework.web.filter.HiddenHttpMethodFilter.doFilterInternal(HiddenHttpMethodFilter.java:91) ~[spring-web-6.1.11.jar:6.1.11]
	at org.springframework.web.filter.OncePerRequestFilter.doFilter(OncePerRequestFilter.java:116) ~[spring-web-6.1.11.jar:6.1.11]
	at org.apache.catalina.core.ApplicationFilterChain.internalDoFilter(ApplicationFilterChain.java:164) ~[tomcat-embed-core-10.1.26.jar:10.1.26]
	at org.apache.catalina.core.ApplicationFilterChain.doFilter(ApplicationFilterChain.java:140) ~[tomcat-embed-core-10.1.26.jar:10.1.26]
	at org.springframework.web.filter.ServerHttpObservationFilter.doFilterInternal(ServerHttpObservationFilter.java:113) ~[spring-web-6.1.11.jar:6.1.11]
	at org.springframework.web.filter.OncePerRequestFilter.doFilter(OncePerRequestFilter.java:116) ~[spring-web-6.1.11.jar:6.1.11]
	at org.apache.catalina.core.ApplicationFilterChain.internalDoFilter(ApplicationFilterChain.java:164) ~[tomcat-embed-core-10.1.26.jar:10.1.26]
	at org.apache.catalina.core.ApplicationFilterChain.doFilter(ApplicationFilterChain.java:140) ~[tomcat-embed-core-10.1.26.jar:10.1.26]
	at org.springframework.web.filter.CharacterEncodingFilter.doFilterInternal(CharacterEncodingFilter.java:201) ~[spring-web-6.1.11.jar:6.1.11]
	at org.springframework.web.filter.OncePerRequestFilter.doFilter(OncePerRequestFilter.java:116) ~[spring-web-6.1.11.jar:6.1.11]
	at org.apache.catalina.core.ApplicationFilterChain.internalDoFilter(ApplicationFilterChain.java:164) ~[tomcat-embed-core-10.1.26.jar:10.1.26]
	at org.apache.catalina.core.ApplicationFilterChain.doFilter(ApplicationFilterChain.java:140) ~[tomcat-embed-core-10.1.26.jar:10.1.26]
	at org.apache.catalina.core.StandardWrapperValve.invoke(StandardWrapperValve.java:167) ~[tomcat-embed-core-10.1.26.jar:10.1.26]
	at org.apache.catalina.core.StandardContextValve.invoke(StandardContextValve.java:90) ~[tomcat-embed-core-10.1.26.jar:10.1.26]
	at org.apache.catalina.authenticator.AuthenticatorBase.invoke(AuthenticatorBase.java:483) ~[tomcat-embed-core-10.1.26.jar:10.1.26]
	at org.apache.catalina.core.StandardHostValve.invoke(StandardHostValve.java:115) ~[tomcat-embed-core-10.1.26.jar:10.1.26]
	at org.apache.catalina.valves.ErrorReportValve.invoke(ErrorReportValve.java:93) ~[tomcat-embed-core-10.1.26.jar:10.1.26]
	at org.apache.catalina.core.StandardEngineValve.invoke(StandardEngineValve.java:74) ~[tomcat-embed-core-10.1.26.jar:10.1.26]
	at org.apache.catalina.connector.CoyoteAdapter.service(CoyoteAdapter.java:344) ~[tomcat-embed-core-10.1.26.jar:10.1.26]
	at org.apache.coyote.http11.Http11Processor.service(Http11Processor.java:389) ~[tomcat-embed-core-10.1.26.jar:10.1.26]
	at org.apache.coyote.AbstractProcessorLight.process(AbstractProcessorLight.java:63) ~[tomcat-embed-core-10.1.26.jar:10.1.26]
	at org.apache.coyote.AbstractProtocol$ConnectionHandler.process(AbstractProtocol.java:904) ~[tomcat-embed-core-10.1.26.jar:10.1.26]
	at org.apache.tomcat.util.net.NioEndpoint$SocketProcessor.doRun(NioEndpoint.java:1741) ~[tomcat-embed-core-10.1.26.jar:10.1.26]
	at org.apache.tomcat.util.net.SocketProcessorBase.run(SocketProcessorBase.java:52) ~[tomcat-embed-core-10.1.26.jar:10.1.26]
	at org.apache.tomcat.util.threads.ThreadPoolExecutor.runWorker(ThreadPoolExecutor.java:1190) ~[tomcat-embed-core-10.1.26.jar:10.1.26]
	at org.apache.tomcat.util.threads.ThreadPoolExecutor$Worker.run(ThreadPoolExecutor.java:659) ~[tomcat-embed-core-10.1.26.jar:10.1.26]
	at org.apache.tomcat.util.threads.TaskThread$WrappingRunnable.run(TaskThread.java:63) ~[tomcat-embed-core-10.1.26.jar:10.1.26]
	at java.base/java.lang.Thread.run(Thread.java:840) ~[na:na]

2024-08-01T23:44:44.204-03:00  INFO 5620 --- [ProyectoGrupo] [RMI TCP Connection(18)-127.0.0.1] inMXBeanRegistrar$SpringApplicationAdmin : Application shutdown requested.
2024-08-01T23:44:44.290-03:00  INFO 5620 --- [ProyectoGrupo] [RMI TCP Connection(18)-127.0.0.1] j.LocalContainerEntityManagerFactoryBean : Closing JPA EntityManagerFactory for persistence unit 'default'
2024-08-01T23:44:44.301-03:00  INFO 5620 --- [ProyectoGrupo] [RMI TCP Connection(18)-127.0.0.1] com.zaxxer.hikari.HikariDataSource       : HikariPool-1 - Shutdown initiated...
2024-08-01T23:44:44.316-03:00  INFO 5620 --- [ProyectoGrupo] [RMI TCP Connection(18)-127.0.0.1] com.zaxxer.hikari.HikariDataSource       : HikariPool-1 - Shutdown completed.
2024-08-01T23:44:46.962-03:00  INFO 2256 --- [ProyectoGrupo] [main] c.e.proyecto.ProyectoGrupoApplication    : Starting ProyectoGrupoApplication using Java 17.0.11 with PID 2256 (C:\cursoJava\clase12\Proyecto-CodingDojo\ProyectoGrupo\target\classes started by carre in C:\cursoJava\clase12\Proyecto-CodingDojo\ProyectoGrupo)
2024-08-01T23:44:46.964-03:00 DEBUG 2256 --- [ProyectoGrupo] [main] c.e.proyecto.ProyectoGrupoApplication    : Running with Spring Boot v3.3.2, Spring v6.1.11
2024-08-01T23:44:46.965-03:00  INFO 2256 --- [ProyectoGrupo] [main] c.e.proyecto.ProyectoGrupoApplication    : No active profile set, falling back to 1 default profile: "default"
2024-08-01T23:44:48.040-03:00  INFO 2256 --- [ProyectoGrupo] [main] .s.d.r.c.RepositoryConfigurationDelegate : Bootstrapping Spring Data JPA repositories in DEFAULT mode.
2024-08-01T23:44:48.110-03:00  INFO 2256 --- [ProyectoGrupo] [main] .s.d.r.c.RepositoryConfigurationDelegate : Finished Spring Data repository scanning in 59 ms. Found 4 JPA repository interfaces.
2024-08-01T23:44:48.970-03:00  INFO 2256 --- [ProyectoGrupo] [main] o.s.b.w.embedded.tomcat.TomcatWebServer  : Tomcat initialized with port 8080 (http)
2024-08-01T23:44:48.988-03:00  INFO 2256 --- [ProyectoGrupo] [main] o.apache.catalina.core.StandardService   : Starting service [Tomcat]
2024-08-01T23:44:48.988-03:00  INFO 2256 --- [ProyectoGrupo] [main] o.apache.catalina.core.StandardEngine    : Starting Servlet engine: [Apache Tomcat/10.1.26]
2024-08-01T23:44:49.254-03:00  INFO 2256 --- [ProyectoGrupo] [main] org.apache.jasper.servlet.TldScanner     : At least one JAR was scanned for TLDs yet contained no TLDs. Enable debug logging for this logger for a complete list of JARs that were scanned but no TLDs were found in them. Skipping unneeded JARs during scanning can improve startup time and JSP compilation time.
2024-08-01T23:44:49.265-03:00  INFO 2256 --- [ProyectoGrupo] [main] o.a.c.c.C.[Tomcat].[localhost].[/]       : Initializing Spring embedded WebApplicationContext
2024-08-01T23:44:49.266-03:00  INFO 2256 --- [ProyectoGrupo] [main] w.s.c.ServletWebServerApplicationContext : Root WebApplicationContext: initialization completed in 2240 ms
2024-08-01T23:44:49.594-03:00  INFO 2256 --- [ProyectoGrupo] [main] o.hibernate.jpa.internal.util.LogHelper  : HHH000204: Processing PersistenceUnitInfo [name: default]
2024-08-01T23:44:49.690-03:00  INFO 2256 --- [ProyectoGrupo] [main] org.hibernate.Version                    : HHH000412: Hibernate ORM core version 6.5.2.Final
2024-08-01T23:44:49.746-03:00  INFO 2256 --- [ProyectoGrupo] [main] o.h.c.internal.RegionFactoryInitiator    : HHH000026: Second-level cache disabled
2024-08-01T23:44:50.183-03:00  INFO 2256 --- [ProyectoGrupo] [main] o.s.o.j.p.SpringPersistenceUnitInfo      : No LoadTimeWeaver setup: ignoring JPA class transformer
2024-08-01T23:44:50.237-03:00  INFO 2256 --- [ProyectoGrupo] [main] com.zaxxer.hikari.HikariDataSource       : HikariPool-1 - Starting...
2024-08-01T23:44:50.632-03:00  INFO 2256 --- [ProyectoGrupo] [main] com.zaxxer.hikari.pool.HikariPool        : HikariPool-1 - Added connection com.mysql.cj.jdbc.ConnectionImpl@32cde414
2024-08-01T23:44:50.635-03:00  INFO 2256 --- [ProyectoGrupo] [main] com.zaxxer.hikari.HikariDataSource       : HikariPool-1 - Start completed.
2024-08-01T23:44:52.158-03:00  INFO 2256 --- [ProyectoGrupo] [main] o.h.e.t.j.p.i.JtaPlatformInitiator       : HHH000489: No JTA platform available (set 'hibernate.transaction.jta.platform' to enable JTA platform integration)
2024-08-01T23:44:52.274-03:00  INFO 2256 --- [ProyectoGrupo] [main] j.LocalContainerEntityManagerFactoryBean : Initialized JPA EntityManagerFactory for persistence unit 'default'
2024-08-01T23:44:52.906-03:00  WARN 2256 --- [ProyectoGrupo] [main] JpaBaseConfiguration$JpaWebConfiguration : spring.jpa.open-in-view is enabled by default. Therefore, database queries may be performed during view rendering. Explicitly configure spring.jpa.open-in-view to disable this warning
2024-08-01T23:44:53.730-03:00  INFO 2256 --- [ProyectoGrupo] [main] o.s.b.a.e.web.EndpointLinksResolver      : Exposing 1 endpoint beneath base path '/actuator'
2024-08-01T23:44:53.858-03:00  INFO 2256 --- [ProyectoGrupo] [main] o.s.b.w.embedded.tomcat.TomcatWebServer  : Tomcat started on port 8080 (http) with context path '/'
2024-08-01T23:44:53.877-03:00  INFO 2256 --- [ProyectoGrupo] [main] c.e.proyecto.ProyectoGrupoApplication    : Started ProyectoGrupoApplication in 7.418 seconds (process running for 8.309)
2024-08-01T23:44:54.273-03:00  INFO 2256 --- [ProyectoGrupo] [RMI TCP Connection(7)-127.0.0.1] o.a.c.c.C.[Tomcat].[localhost].[/]       : Initializing Spring DispatcherServlet 'dispatcherServlet'
2024-08-01T23:44:54.274-03:00  INFO 2256 --- [ProyectoGrupo] [RMI TCP Connection(7)-127.0.0.1] o.s.web.servlet.DispatcherServlet        : Initializing Servlet 'dispatcherServlet'
2024-08-01T23:44:54.276-03:00  INFO 2256 --- [ProyectoGrupo] [RMI TCP Connection(7)-127.0.0.1] o.s.web.servlet.DispatcherServlet        : Completed initialization in 2 ms
2024-08-01T23:45:24.055-03:00  INFO 2256 --- [ProyectoGrupo] [http-nio-8080-exec-4] c.e.proyecto.servicios.ServicioUsuario   : Registrando usuario con fecha de nacimiento: 2024-07-31
2024-08-01T23:45:24.055-03:00  INFO 2256 --- [ProyectoGrupo] [http-nio-8080-exec-4] c.e.proyecto.servicios.ServicioUsuario   : La edad del usuario es: 0
2024-08-01T23:45:24.055-03:00 ERROR 2256 --- [ProyectoGrupo] [http-nio-8080-exec-4] c.e.proyecto.servicios.ServicioUsuario   : El usuario no es mayor de edad
2024-08-01T23:46:14.403-03:00  INFO 2256 --- [ProyectoGrupo] [http-nio-8080-exec-6] c.e.proyecto.servicios.ServicioUsuario   : Registrando usuario con fecha de nacimiento: 2006-08-01
2024-08-01T23:46:14.403-03:00  INFO 2256 --- [ProyectoGrupo] [http-nio-8080-exec-6] c.e.proyecto.servicios.ServicioUsuario   : La edad del usuario es: 18
2024-08-01T23:48:26.963-03:00  INFO 2256 --- [ProyectoGrupo] [RMI TCP Connection(15)-127.0.0.1] inMXBeanRegistrar$SpringApplicationAdmin : Application shutdown requested.
2024-08-01T23:48:27.063-03:00  INFO 2256 --- [ProyectoGrupo] [RMI TCP Connection(15)-127.0.0.1] j.LocalContainerEntityManagerFactoryBean : Closing JPA EntityManagerFactory for persistence unit 'default'
2024-08-01T23:48:27.070-03:00  INFO 2256 --- [ProyectoGrupo] [RMI TCP Connection(15)-127.0.0.1] com.zaxxer.hikari.HikariDataSource       : HikariPool-1 - Shutdown initiated...
2024-08-01T23:48:27.098-03:00  INFO 2256 --- [ProyectoGrupo] [RMI TCP Connection(15)-127.0.0.1] com.zaxxer.hikari.HikariDataSource       : HikariPool-1 - Shutdown completed.
